2024-08-24 10:07:29 INFO  UserTests2:39 - ************ Creating User  ********************
2024-08-24 10:07:32 INFO  UserTests2:44 - ************ User Created  ********************
2024-08-24 10:07:33 INFO  UserTests2:50 - ************ Reading User Info ********************
2024-08-24 10:07:34 INFO  UserTests2:54 - ************ User Info Display  ********************
2024-08-24 10:07:34 INFO  UserTests2:59 - ************ Updating User  ********************
2024-08-24 10:07:36 INFO  UserTests2:68 - ************ User Updated  ********************
2024-08-24 10:07:36 INFO  UserTests2:74 - ************ User Deleting  ********************
2024-08-24 10:07:37 INFO  UserTests2:78 - ************ User Deleted  ********************
2024-08-24 11:28:32 DEBUG PackageRelationshipCollection:307 - Parsing relationship: /xl/_rels/workbook.xml.rels
2024-08-24 11:28:32 DEBUG PackageRelationshipCollection:307 - Parsing relationship: /xl/worksheets/_rels/sheet1.xml.rels
2024-08-24 11:28:32 DEBUG PackageRelationshipCollection:307 - Parsing relationship: /_rels/.rels
2024-08-24 11:28:32 DEBUG PackageRelationshipCollection:307 - Parsing relationship: /xl/_rels/workbook.xml.rels
2024-08-24 11:28:32 DEBUG PackageRelationshipCollection:307 - Parsing relationship: /xl/worksheets/_rels/sheet1.xml.rels
2024-08-24 11:28:32 DEBUG PackageRelationshipCollection:307 - Parsing relationship: /_rels/.rels
2024-08-24 11:28:32 DEBUG PackageRelationshipCollection:307 - Parsing relationship: /xl/_rels/workbook.xml.rels
2024-08-24 11:28:32 DEBUG PackageRelationshipCollection:307 - Parsing relationship: /xl/worksheets/_rels/sheet1.xml.rels
2024-08-24 11:28:32 DEBUG PackageRelationshipCollection:307 - Parsing relationship: /_rels/.rels
2024-08-24 11:28:32 DEBUG PackageRelationshipCollection:307 - Parsing relationship: /xl/_rels/workbook.xml.rels
2024-08-24 11:28:32 DEBUG PackageRelationshipCollection:307 - Parsing relationship: /xl/worksheets/_rels/sheet1.xml.rels
2024-08-24 11:28:32 DEBUG PackageRelationshipCollection:307 - Parsing relationship: /_rels/.rels
2024-08-24 11:28:32 DEBUG PackageRelationshipCollection:307 - Parsing relationship: /xl/_rels/workbook.xml.rels
2024-08-24 11:28:32 DEBUG PackageRelationshipCollection:307 - Parsing relationship: /xl/worksheets/_rels/sheet1.xml.rels
2024-08-24 11:28:32 DEBUG PackageRelationshipCollection:307 - Parsing relationship: /_rels/.rels
2024-08-24 11:28:32 DEBUG PackageRelationshipCollection:307 - Parsing relationship: /xl/_rels/workbook.xml.rels
2024-08-24 11:28:32 DEBUG PackageRelationshipCollection:307 - Parsing relationship: /xl/worksheets/_rels/sheet1.xml.rels
2024-08-24 11:28:32 DEBUG PackageRelationshipCollection:307 - Parsing relationship: /_rels/.rels
2024-08-24 11:28:32 DEBUG PackageRelationshipCollection:307 - Parsing relationship: /xl/_rels/workbook.xml.rels
2024-08-24 11:28:32 DEBUG PackageRelationshipCollection:307 - Parsing relationship: /xl/worksheets/_rels/sheet1.xml.rels
2024-08-24 11:28:32 DEBUG PackageRelationshipCollection:307 - Parsing relationship: /_rels/.rels
2024-08-24 11:28:32 DEBUG PackageRelationshipCollection:307 - Parsing relationship: /xl/_rels/workbook.xml.rels
2024-08-24 11:28:32 DEBUG PackageRelationshipCollection:307 - Parsing relationship: /xl/worksheets/_rels/sheet1.xml.rels
2024-08-24 11:28:32 DEBUG PackageRelationshipCollection:307 - Parsing relationship: /_rels/.rels
2024-08-24 11:28:33 DEBUG PackageRelationshipCollection:307 - Parsing relationship: /xl/_rels/workbook.xml.rels
2024-08-24 11:28:33 DEBUG PackageRelationshipCollection:307 - Parsing relationship: /xl/worksheets/_rels/sheet1.xml.rels
2024-08-24 11:28:33 DEBUG PackageRelationshipCollection:307 - Parsing relationship: /_rels/.rels
2024-08-24 11:28:33 DEBUG PackageRelationshipCollection:307 - Parsing relationship: /xl/_rels/workbook.xml.rels
2024-08-24 11:28:33 DEBUG PackageRelationshipCollection:307 - Parsing relationship: /xl/worksheets/_rels/sheet1.xml.rels
2024-08-24 11:28:33 DEBUG PackageRelationshipCollection:307 - Parsing relationship: /_rels/.rels
2024-08-24 11:28:33 DEBUG PackageRelationshipCollection:307 - Parsing relationship: /xl/_rels/workbook.xml.rels
2024-08-24 11:28:33 DEBUG PackageRelationshipCollection:307 - Parsing relationship: /xl/worksheets/_rels/sheet1.xml.rels
2024-08-24 11:28:33 DEBUG PackageRelationshipCollection:307 - Parsing relationship: /_rels/.rels
2024-08-24 11:28:33 DEBUG PackageRelationshipCollection:307 - Parsing relationship: /xl/_rels/workbook.xml.rels
2024-08-24 11:28:33 DEBUG PackageRelationshipCollection:307 - Parsing relationship: /xl/worksheets/_rels/sheet1.xml.rels
2024-08-24 11:28:33 DEBUG PackageRelationshipCollection:307 - Parsing relationship: /_rels/.rels
2024-08-24 11:28:33 DEBUG PackageRelationshipCollection:307 - Parsing relationship: /xl/_rels/workbook.xml.rels
2024-08-24 11:28:33 DEBUG PackageRelationshipCollection:307 - Parsing relationship: /xl/worksheets/_rels/sheet1.xml.rels
2024-08-24 11:28:33 DEBUG PackageRelationshipCollection:307 - Parsing relationship: /_rels/.rels
2024-08-24 11:28:33 DEBUG PackageRelationshipCollection:307 - Parsing relationship: /xl/_rels/workbook.xml.rels
2024-08-24 11:28:33 DEBUG PackageRelationshipCollection:307 - Parsing relationship: /xl/worksheets/_rels/sheet1.xml.rels
2024-08-24 11:28:33 DEBUG PackageRelationshipCollection:307 - Parsing relationship: /_rels/.rels
2024-08-24 11:28:33 DEBUG PackageRelationshipCollection:307 - Parsing relationship: /xl/_rels/workbook.xml.rels
2024-08-24 11:28:33 DEBUG PackageRelationshipCollection:307 - Parsing relationship: /xl/worksheets/_rels/sheet1.xml.rels
2024-08-24 11:28:33 DEBUG PackageRelationshipCollection:307 - Parsing relationship: /_rels/.rels
2024-08-24 11:28:33 DEBUG PackageRelationshipCollection:307 - Parsing relationship: /xl/_rels/workbook.xml.rels
2024-08-24 11:28:33 DEBUG PackageRelationshipCollection:307 - Parsing relationship: /xl/worksheets/_rels/sheet1.xml.rels
2024-08-24 11:28:33 DEBUG PackageRelationshipCollection:307 - Parsing relationship: /_rels/.rels
2024-08-24 11:28:33 DEBUG PackageRelationshipCollection:307 - Parsing relationship: /xl/_rels/workbook.xml.rels
2024-08-24 11:28:33 DEBUG PackageRelationshipCollection:307 - Parsing relationship: /xl/worksheets/_rels/sheet1.xml.rels
2024-08-24 11:28:33 DEBUG PackageRelationshipCollection:307 - Parsing relationship: /_rels/.rels
2024-08-24 11:28:33 DEBUG PackageRelationshipCollection:307 - Parsing relationship: /xl/_rels/workbook.xml.rels
2024-08-24 11:28:33 DEBUG PackageRelationshipCollection:307 - Parsing relationship: /xl/worksheets/_rels/sheet1.xml.rels
2024-08-24 11:28:33 DEBUG PackageRelationshipCollection:307 - Parsing relationship: /_rels/.rels
2024-08-24 11:28:33 DEBUG PackageRelationshipCollection:307 - Parsing relationship: /xl/_rels/workbook.xml.rels
2024-08-24 11:28:33 DEBUG PackageRelationshipCollection:307 - Parsing relationship: /xl/worksheets/_rels/sheet1.xml.rels
2024-08-24 11:28:33 DEBUG PackageRelationshipCollection:307 - Parsing relationship: /_rels/.rels
2024-08-24 11:28:33 DEBUG PackageRelationshipCollection:307 - Parsing relationship: /xl/_rels/workbook.xml.rels
2024-08-24 11:28:33 DEBUG PackageRelationshipCollection:307 - Parsing relationship: /xl/worksheets/_rels/sheet1.xml.rels
2024-08-24 11:28:33 DEBUG PackageRelationshipCollection:307 - Parsing relationship: /_rels/.rels
2024-08-24 11:28:33 DEBUG PackageRelationshipCollection:307 - Parsing relationship: /xl/_rels/workbook.xml.rels
2024-08-24 11:28:33 DEBUG PackageRelationshipCollection:307 - Parsing relationship: /xl/worksheets/_rels/sheet1.xml.rels
2024-08-24 11:28:33 DEBUG PackageRelationshipCollection:307 - Parsing relationship: /_rels/.rels
2024-08-24 11:28:33 DEBUG PackageRelationshipCollection:307 - Parsing relationship: /xl/_rels/workbook.xml.rels
2024-08-24 11:28:33 DEBUG PackageRelationshipCollection:307 - Parsing relationship: /xl/worksheets/_rels/sheet1.xml.rels
2024-08-24 11:28:33 DEBUG PackageRelationshipCollection:307 - Parsing relationship: /_rels/.rels
2024-08-24 11:28:33 DEBUG PackageRelationshipCollection:307 - Parsing relationship: /xl/_rels/workbook.xml.rels
2024-08-24 11:28:33 DEBUG PackageRelationshipCollection:307 - Parsing relationship: /xl/worksheets/_rels/sheet1.xml.rels
2024-08-24 11:28:33 DEBUG PackageRelationshipCollection:307 - Parsing relationship: /_rels/.rels
2024-08-24 11:28:41 DEBUG PackageRelationshipCollection:307 - Parsing relationship: /xl/_rels/workbook.xml.rels
2024-08-24 11:28:41 DEBUG PackageRelationshipCollection:307 - Parsing relationship: /xl/worksheets/_rels/sheet1.xml.rels
2024-08-24 11:28:41 DEBUG PackageRelationshipCollection:307 - Parsing relationship: /_rels/.rels
2024-08-24 11:28:42 DEBUG PackageRelationshipCollection:307 - Parsing relationship: /xl/_rels/workbook.xml.rels
2024-08-24 11:28:42 DEBUG PackageRelationshipCollection:307 - Parsing relationship: /xl/worksheets/_rels/sheet1.xml.rels
2024-08-24 11:28:42 DEBUG PackageRelationshipCollection:307 - Parsing relationship: /_rels/.rels
2024-08-24 11:28:42 DEBUG PackageRelationshipCollection:307 - Parsing relationship: /xl/_rels/workbook.xml.rels
2024-08-24 11:28:42 DEBUG PackageRelationshipCollection:307 - Parsing relationship: /xl/worksheets/_rels/sheet1.xml.rels
2024-08-24 11:28:42 DEBUG PackageRelationshipCollection:307 - Parsing relationship: /_rels/.rels
2024-08-24 11:28:42 DEBUG PackageRelationshipCollection:307 - Parsing relationship: /xl/_rels/workbook.xml.rels
2024-08-24 11:28:42 DEBUG PackageRelationshipCollection:307 - Parsing relationship: /xl/worksheets/_rels/sheet1.xml.rels
2024-08-24 11:28:42 DEBUG PackageRelationshipCollection:307 - Parsing relationship: /_rels/.rels
2024-08-24 11:28:49 INFO  UserTests:36 - ************ Creating User  ********************
2024-08-24 11:28:52 INFO  UserTests:41 - ************ User Created  ********************
2024-08-24 11:28:52 INFO  UserTests:47 - ************ Reading User Info ********************
2024-08-24 11:28:54 INFO  UserTests:51 - ************ User Info Display  ********************
2024-08-24 11:28:54 INFO  UserTests:56 - ************ Updating User  ********************
2024-08-24 11:28:56 INFO  UserTests:65 - ************ User Updated  ********************
2024-08-24 11:28:56 INFO  UserTests:71 - ************ User Deleting  ********************
2024-08-24 11:28:59 INFO  UserTests:75 - ************ User Deleted  ********************
2024-08-24 11:28:59 INFO  UserTests2:39 - ************ Creating User  ********************
2024-08-24 11:29:01 INFO  UserTests2:44 - ************ User Created  ********************
2024-08-24 11:29:01 INFO  UserTests2:50 - ************ Reading User Info ********************
2024-08-24 11:29:03 INFO  UserTests2:54 - ************ User Info Display  ********************
2024-08-24 11:29:03 INFO  UserTests2:59 - ************ Updating User  ********************
2024-08-24 11:29:06 INFO  UserTests2:68 - ************ User Updated  ********************
2024-08-24 11:29:06 INFO  UserTests2:74 - ************ User Deleting  ********************
2024-08-24 11:29:08 INFO  UserTests2:78 - ************ User Deleted  ********************
2024-08-24 12:30:14 INFO  UserTests2:39 - ************ Creating User  ********************
2024-08-24 12:30:17 INFO  UserTests2:44 - ************ User Created  ********************
2024-08-24 12:30:17 INFO  UserTests2:50 - ************ Reading User Info ********************
2024-08-24 12:30:19 INFO  UserTests2:54 - ************ User Info Display  ********************
2024-08-24 12:30:19 INFO  UserTests2:59 - ************ Updating User  ********************
2024-08-24 12:30:20 INFO  UserTests2:68 - ************ User Updated  ********************
2024-08-24 12:30:20 INFO  UserTests2:74 - ************ User Deleting  ********************
2024-08-24 12:30:22 INFO  UserTests2:78 - ************ User Deleted  ********************
2024-08-24 12:41:53 INFO  UserTests2:39 - ************ Creating User  ********************
2024-08-24 12:41:59 INFO  UserTests2:44 - ************ User Created  ********************
2024-08-24 12:41:59 INFO  UserTests2:50 - ************ Reading User Info ********************
2024-08-24 12:42:01 INFO  UserTests2:54 - ************ User Info Display  ********************
2024-08-24 12:42:01 INFO  UserTests2:59 - ************ Updating User  ********************
2024-08-24 12:42:04 INFO  UserTests2:68 - ************ User Updated  ********************
2024-08-24 12:42:04 INFO  UserTests2:74 - ************ User Deleting  ********************
2024-08-24 12:42:07 INFO  UserTests2:78 - ************ User Deleted  ********************
